<?xml version="1.0" encoding="UTF-8"?>
<!-- Generated by org.testng.reporters.JUnitReportReporter -->
<testsuite skipped="0" hostname="test004" name="com.api.test.Employee" tests="1" failures="0" timestamp="16 Mar 2018 06:03:24 GMT" time="1.363" errors="0">
  <testcase name="ValidateEmployee" time="1.363" classname="com.api.test.Employee"/>
</testsuite> <!-- com.api.test.Employee -->
