<?xml version="1.0" encoding="UTF-8"?>
<!-- Generated by org.testng.reporters.JUnitReportReporter -->
<testsuite skipped="0" hostname="test004" name="com.api.test.Employee" tests="1" failures="0" timestamp="15 Mar 2018 09:41:59 GMT" time="1.058" errors="0">
  <testcase name="validayeEployee" time="1.058" classname="com.api.test.Employee"/>
</testsuite> <!-- com.api.test.Employee -->
